<?xml version="1.0" encoding="UTF-8"?>
<testng-results ignored="0" total="1" passed="1" failed="0" skipped="0">
  <reporter-output>
  </reporter-output>
  <suite started-at="2021-04-03T13:44:17 IST" name="Default suite" finished-at="2021-04-03T13:44:57 IST" duration-ms="39296">
    <groups>
    </groups>
    <test started-at="2021-04-03T13:44:17 IST" name="Default test" finished-at="2021-04-03T13:44:57 IST" duration-ms="39296">
      <class name="StepDefinition.extentReportDemo">
        <test-method is-config="true" signature="config()[pri:0, instance:StepDefinition.extentReportDemo@130161f7]" started-at="2021-04-03T13:44:17 IST" name="config" finished-at="2021-04-03T13:44:18 IST" duration-ms="630" status="PASS">
          <reporter-output>
          </reporter-output>
        </test-method> <!-- config -->
        <test-method signature="initialDemo()[pri:0, instance:StepDefinition.extentReportDemo@130161f7]" started-at="2021-04-03T13:44:18 IST" name="initialDemo" finished-at="2021-04-03T13:44:57 IST" duration-ms="38600" status="PASS">
          <reporter-output>
          </reporter-output>
        </test-method> <!-- initialDemo -->
      </class> <!-- StepDefinition.extentReportDemo -->
    </test> <!-- Default test -->
  </suite> <!-- Default suite -->
</testng-results>
